# JRE version: Java(TM) SE Runtime Environment (8.0_251-b08) (build 1.8.0_251-b08)
# Java VM: Java HotSpot(TM) 64-Bit Server VM (25.251-b08 mixed mode windows-amd64 compressed oops)
Heap:
 PSYoungGen      total 9728K, used 4056K [0x00000000f5b80000, 0x00000000f6600000, 0x0000000100000000)
  eden space 8704K, 34% used [0x00000000f5b80000,0x00000000f5e76368,0x00000000f6400000)
  from space 1024K, 100% used [0x00000000f6400000,0x00000000f6500000,0x00000000f6500000)
  to   space 1024K, 0% used [0x00000000f6500000,0x00000000f6500000,0x00000000f6600000)
 ParOldGen       total 22016K, used 5430K [0x00000000e1200000, 0x00000000e2780000, 0x00000000f5b80000)
  object space 22016K, 24% used [0x00000000e1200000,0x00000000e174d868,0x00000000e2780000)
 Metaspace       used 13559K, capacity 13722K, committed 13952K, reserved 1060864K
  class space    used 1788K, capacity 1843K, committed 1920K, reserved 1048576K
GC Heap History (6 events):
Event: 17.824 GC heap before
{Heap before GC invocations=1 (full 0):
 PSYoungGen      total 9728K, used 8704K [0x00000000f5b80000, 0x00000000f6600000, 0x0000000100000000)
  eden space 8704K, 100% used [0x00000000f5b80000,0x00000000f6400000,0x00000000f6400000)
  from space 1024K, 0% used [0x00000000f6500000,0x00000000f6500000,0x00000000f6600000)
  to   space 1024K, 0% used [0x00000000f6400000,0x00000000f6400000,0x00000000f6500000)
 ParOldGen       total 22016K, used 0K [0x00000000e1200000, 0x00000000e2780000, 0x00000000f5b80000)
  object space 22016K, 0% used [0x00000000e1200000,0x00000000e1200000,0x00000000e2780000)
 Metaspace       used 10978K, capacity 11218K, committed 11520K, reserved 1058816K
  class space    used 1398K, capacity 1477K, committed 1536K, reserved 1048576K
Event: 17.840 GC heap after
Heap after GC invocations=1 (full 0):
 PSYoungGen      total 9728K, used 1024K [0x00000000f5b80000, 0x00000000f6600000, 0x0000000100000000)
  eden space 8704K, 0% used [0x00000000f5b80000,0x00000000f5b80000,0x00000000f6400000)
  from space 1024K, 100% used [0x00000000f6400000,0x00000000f6500000,0x00000000f6500000)
  to   space 1024K, 0% used [0x00000000f6500000,0x00000000f6500000,0x00000000f6600000)
 ParOldGen       total 22016K, used 2289K [0x00000000e1200000, 0x00000000e2780000, 0x00000000f5b80000)
  object space 22016K, 10% used [0x00000000e1200000,0x00000000e143c570,0x00000000e2780000)
 Metaspace       used 10978K, capacity 11218K, committed 11520K, reserved 1058816K
  class space    used 1398K, capacity 1477K, committed 1536K, reserved 1048576K
}
Event: 59.386 GC heap before
{Heap before GC invocations=2 (full 0):
 PSYoungGen      total 9728K, used 8953K [0x00000000f5b80000, 0x00000000f6600000, 0x0000000100000000)
  eden space 8704K, 91% used [0x00000000f5b80000,0x00000000f633e4c0,0x00000000f6400000)
  from space 1024K, 100% used [0x00000000f6400000,0x00000000f6500000,0x00000000f6500000)
  to   space 1024K, 0% used [0x00000000f6500000,0x00000000f6500000,0x00000000f6600000)
 ParOldGen       total 22016K, used 2289K [0x00000000e1200000, 0x00000000e2780000, 0x00000000f5b80000)
  object space 22016K, 10% used [0x00000000e1200000,0x00000000e143c570,0x00000000e2780000)
 Metaspace       used 13152K, capacity 13402K, committed 13696K, reserved 1060864K
  class space    used 1754K, capacity 1843K, committed 1920K, reserved 1048576K
Event: 59.400 GC heap after
Heap after GC invocations=2 (full 0):
 PSYoungGen      total 9728K, used 1024K [0x00000000f5b80000, 0x00000000f6600000, 0x0000000100000000)
  eden space 8704K, 0% used [0x00000000f5b80000,0x00000000f5b80000,0x00000000f6400000)
  from space 1024K, 100% used [0x00000000f6500000,0x00000000f6600000,0x00000000f6600000)
  to   space 1024K, 0% used [0x00000000f6400000,0x00000000f6400000,0x00000000f6500000)
 ParOldGen       total 22016K, used 2918K [0x00000000e1200000, 0x00000000e2780000, 0x00000000f5b80000)
  object space 22016K, 13% used [0x00000000e1200000,0x00000000e14d9a40,0x00000000e2780000)
 Metaspace       used 13152K, capacity 13402K, committed 13696K, reserved 1060864K
  class space    used 1754K, capacity 1843K, committed 1920K, reserved 1048576K
}
Event: 94.933 GC heap before
{Heap before GC invocations=3 (full 0):
 PSYoungGen      total 9728K, used 8978K [0x00000000f5b80000, 0x00000000f6600000, 0x0000000100000000)
  eden space 8704K, 91% used [0x00000000f5b80000,0x00000000f6344b60,0x00000000f6400000)
  from space 1024K, 100% used [0x00000000f6500000,0x00000000f6600000,0x00000000f6600000)
  to   space 1024K, 0% used [0x00000000f6400000,0x00000000f6400000,0x00000000f6500000)
 ParOldGen       total 22016K, used 2918K [0x00000000e1200000, 0x00000000e2780000, 0x00000000f5b80000)
  object space 22016K, 13% used [0x00000000e1200000,0x00000000e14d9a40,0x00000000e2780000)
 Metaspace       used 13539K, capacity 13722K, committed 13952K, reserved 1060864K
  class space    used 1788K, capacity 1843K, committed 1920K, reserved 1048576K
Event: 94.965 GC heap after
Heap after GC invocations=3 (full 0):
 PSYoungGen      total 9728K, used 1024K [0x00000000f5b80000, 0x00000000f6600000, 0x0000000100000000)
  eden space 8704K, 0% used [0x00000000f5b80000,0x00000000f5b80000,0x00000000f6400000)
  from space 1024K, 100% used [0x00000000f6400000,0x00000000f6500000,0x00000000f6500000)
  to   space 1024K, 0% used [0x00000000f6500000,0x00000000f6500000,0x00000000f6600000)
 ParOldGen       total 22016K, used 5430K [0x00000000e1200000, 0x00000000e2780000, 0x00000000f5b80000)
  object space 22016K, 24% used [0x00000000e1200000,0x00000000e174d868,0x00000000e2780000)
 Metaspace       used 13539K, capacity 13722K, committed 13952K, reserved 1060864K
  class space    used 1788K, capacity 1843K, committed 1920K, reserved 1048576K
}

